<?xml version="1.0" encoding="UTF-8"?>
<testsuite name="oop.project.research.scenarios.ArgumentScenariosTests" tests="2" skipped="0" failures="0" errors="0" timestamp="2026-04-01T22:13:01.342Z" hostname="Joels-MacBook-Pro.local" time="0.027">
  <properties/>
  <testcase name="[1] Easy, difficulty easy&#10;, {difficulty=easy}" classname="oop.project.research.scenarios.ArgumentScenariosTests" time="0.021"/>
  <testcase name="[2] Hardcore, difficulty hardcore&#10;, null" classname="oop.project.research.scenarios.ArgumentScenariosTests" time="0.005"/>
  <system-out><![CDATA[]]></system-out>
  <system-err><![CDATA[]]></system-err>
</testsuite>
